<?xml version="1.0" encoding="UTF-8"?>
<!-- Generated by org.testng.reporters.JUnitReportReporter -->
<testsuite skipped="0" hostname="Admin" name="Testing.baseclass" tests="1" failures="0" timestamp="02 Sep 2019 10:30:28 GMT" time="7.169" errors="0">
  <testcase name="leafTapsLogin" time="7.169" classname="Testing.baseclass"/>
</testsuite> <!-- Testing.baseclass -->
