<?xml version="1.0" encoding="UTF-8"?>
<!-- Generated by org.testng.reporters.JUnitReportReporter -->
<testsuite skipped="0" hostname="Admin" name="Testing.mergeLLead" tests="2" failures="0" timestamp="02 Sep 2019 11:16:01 GMT" time="22.973" errors="0">
  <testcase name="mergeLead" time="15.145" classname="Testing.mergeLLead"/>
  <testcase name="leafTapsLogin" time="7.828" classname="Testing.mergeLLead"/>
</testsuite> <!-- Testing.mergeLLead -->
