<?xml version="1.0" encoding="UTF-8"?>
<!-- Generated by org.testng.reporters.JUnitReportReporter -->
<testsuite skipped="1" hostname="Admin" name="Testing.editLead" tests="1" failures="0" timestamp="07 Sep 2019 11:06:57 GMT" time="0.000" errors="0">
  <testcase name="Edit" time="0.000" classname="Testing.editLead">
    <skipped/>
  </testcase> <!-- Edit -->
</testsuite> <!-- Testing.editLead -->
